Notebook already signed: gateway-lesson/gateway/gateway-1.ipynb
Notebook already signed: gateway-lesson/gateway/gateway-2.ipynb
Notebook already signed: gateway-lesson/gateway/gateway-3.ipynb
Notebook already signed: gateway-lesson/gateway/gateway-4.ipynb
Notebook already signed: gateway-lesson/gateway/gateway-5.ipynb
Notebook already signed: gateway-lesson/gateway/gateway-6.ipynb
Signing notebook: gateway-lesson/gateway/gateway-exploration.ipynb
Notebook already signed: beginner-lessons/interdisciplinary-communication/ic-1.ipynb
Notebook already signed: beginner-lessons/interdisciplinary-communication/ic-2.ipynb
Notebook already signed: beginner-lessons/interdisciplinary-communication/ic-3.ipynb
Notebook already signed: beginner-lessons/interdisciplinary-communication/ic-4.ipynb
Notebook already signed: beginner-lessons/interdisciplinary-communication/ic-5.ipynb
Notebook already signed: beginner-lessons/interdisciplinary-communication/ic-exploration.ipynb
Notebook already signed: beginner-lessons/geospatial-data/gd-1.ipynb
Notebook already signed: beginner-lessons/geospatial-data/gd-2.ipynb
Notebook already signed: beginner-lessons/geospatial-data/gd-3.ipynb
Notebook already signed: beginner-lessons/geospatial-data/gd-4.ipynb
Notebook already signed: beginner-lessons/geospatial-data/gd-5.ipynb
Notebook already signed: beginner-lessons/geospatial-data/gd-6.ipynb
Notebook already signed: beginner-lessons/geospatial-data/gd-example_1.ipynb
Notebook already signed: beginner-lessons/geospatial-data/gd-example_2.ipynb
Notebook already signed: beginner-lessons/cyberinfrastructure/cyberinfrastructure-1.ipynb
Notebook already signed: beginner-lessons/cyberinfrastructure/cyberinfrastructure-2.ipynb
Notebook already signed: beginner-lessons/cyberinfrastructure/cyberinfrastructure-3.ipynb
Notebook already signed: beginner-lessons/cyberinfrastructure/cyberinfrastructure-4.ipynb
Notebook already signed: beginner-lessons/cyberinfrastructure/cyberinfrastructure-5.ipynb
Signing notebook: beginner-lessons/cyberinfrastructure/cyberinfrastructure-exploration.ipynb
Notebook already signed: gateway-lesson/gateway/gateway-1.ipynb
Notebook already signed: gateway-lesson/gateway/gateway-2.ipynb
Notebook already signed: gateway-lesson/gateway/gateway-3.ipynb
Notebook already signed: gateway-lesson/gateway/gateway-4.ipynb
Notebook already signed: gateway-lesson/gateway/gateway-5.ipynb
Notebook already signed: gateway-lesson/gateway/gateway-6.ipynb
Notebook already signed: gateway-lesson/gateway/gateway-exploration.ipynb
Notebook already signed: beginner-lessons/interdisciplinary-communication/ic-1.ipynb
Notebook already signed: beginner-lessons/interdisciplinary-communication/ic-2.ipynb
Notebook already signed: beginner-lessons/interdisciplinary-communication/ic-3.ipynb
Notebook already signed: beginner-lessons/interdisciplinary-communication/ic-4.ipynb
Notebook already signed: beginner-lessons/interdisciplinary-communication/ic-5.ipynb
Notebook already signed: beginner-lessons/interdisciplinary-communication/ic-exploration.ipynb
Notebook already signed: beginner-lessons/geospatial-data/gd-1.ipynb
Notebook already signed: beginner-lessons/geospatial-data/gd-2.ipynb
Notebook already signed: beginner-lessons/geospatial-data/gd-3.ipynb
Notebook already signed: beginner-lessons/geospatial-data/gd-4.ipynb
Notebook already signed: beginner-lessons/geospatial-data/gd-5.ipynb
Notebook already signed: beginner-lessons/geospatial-data/gd-6.ipynb
Notebook already signed: beginner-lessons/geospatial-data/gd-example_1.ipynb
Notebook already signed: beginner-lessons/geospatial-data/gd-example_2.ipynb
Notebook already signed: beginner-lessons/cyberinfrastructure/cyberinfrastructure-1.ipynb
Notebook already signed: beginner-lessons/cyberinfrastructure/cyberinfrastructure-2.ipynb
Notebook already signed: beginner-lessons/cyberinfrastructure/cyberinfrastructure-3.ipynb
Notebook already signed: beginner-lessons/cyberinfrastructure/cyberinfrastructure-4.ipynb
Notebook already signed: beginner-lessons/cyberinfrastructure/cyberinfrastructure-5.ipynb
Notebook already signed: beginner-lessons/cyberinfrastructure/cyberinfrastructure-exploration.ipynb
Notebook already signed: gateway-lesson/gateway/gateway-1.ipynb
Notebook already signed: gateway-lesson/gateway/gateway-2.ipynb
Notebook already signed: gateway-lesson/gateway/gateway-3.ipynb
Notebook already signed: gateway-lesson/gateway/gateway-4.ipynb
Notebook already signed: gateway-lesson/gateway/gateway-5.ipynb
Notebook already signed: gateway-lesson/gateway/gateway-6.ipynb
Notebook already signed: gateway-lesson/gateway/gateway-exploration.ipynb
Notebook already signed: beginner-lessons/interdisciplinary-communication/ic-1.ipynb
Notebook already signed: beginner-lessons/interdisciplinary-communication/ic-2.ipynb
Notebook already signed: beginner-lessons/interdisciplinary-communication/ic-3.ipynb
Notebook already signed: beginner-lessons/interdisciplinary-communication/ic-4.ipynb
Notebook already signed: beginner-lessons/interdisciplinary-communication/ic-5.ipynb
Notebook already signed: beginner-lessons/interdisciplinary-communication/ic-exploration.ipynb
Notebook already signed: beginner-lessons/geospatial-data/gd-1.ipynb
Notebook already signed: beginner-lessons/geospatial-data/gd-2.ipynb
Notebook already signed: beginner-lessons/geospatial-data/gd-3.ipynb
Notebook already signed: beginner-lessons/geospatial-data/gd-4.ipynb
Notebook already signed: beginner-lessons/geospatial-data/gd-5.ipynb
Notebook already signed: beginner-lessons/geospatial-data/gd-6.ipynb
Notebook already signed: beginner-lessons/geospatial-data/gd-example_1.ipynb
Notebook already signed: beginner-lessons/geospatial-data/gd-example_2.ipynb
Notebook already signed: beginner-lessons/cyberinfrastructure/cyberinfrastructure-1.ipynb
Notebook already signed: beginner-lessons/cyberinfrastructure/cyberinfrastructure-2.ipynb
Notebook already signed: beginner-lessons/cyberinfrastructure/cyberinfrastructure-3.ipynb
Notebook already signed: beginner-lessons/cyberinfrastructure/cyberinfrastructure-4.ipynb
Notebook already signed: beginner-lessons/cyberinfrastructure/cyberinfrastructure-5.ipynb
Notebook already signed: beginner-lessons/cyberinfrastructure/cyberinfrastructure-exploration.ipynb
Notebook already signed: gateway-lesson/gateway/gateway-1.ipynb
Notebook already signed: gateway-lesson/gateway/gateway-2.ipynb
Notebook already signed: gateway-lesson/gateway/gateway-3.ipynb
Notebook already signed: gateway-lesson/gateway/gateway-4.ipynb
Notebook already signed: gateway-lesson/gateway/gateway-5.ipynb
Notebook already signed: gateway-lesson/gateway/gateway-6.ipynb
Notebook already signed: gateway-lesson/gateway/gateway-exploration.ipynb
Notebook already signed: beginner-lessons/interdisciplinary-communication/ic-1.ipynb
Notebook already signed: beginner-lessons/interdisciplinary-communication/ic-2.ipynb
Notebook already signed: beginner-lessons/interdisciplinary-communication/ic-3.ipynb
[22;0t]0;IPython: lessons/lessons[0;31m---------------------------------------------------------------------------[0m
[0;31mModuleNotFoundError[0m                       Traceback (most recent call last)
[0;32m~/Desktop/ggg/lessons/lessons/beginner-lessons/interdisciplinary-communication/ic-3.ipynb[0m in [0;36m<module>[0;34m[0m
[1;32m     16[0m [0;32mimport[0m [0msys[0m[0;34m[0m[0;34m[0m[0m
[1;32m     17[0m [0msys[0m[0;34m.[0m[0mpath[0m[0;34m.[0m[0mappend[0m[0;34m([0m[0;34m'../../supplementary'[0m[0;34m)[0m [0;31m# relative path (may change depending on the location of the lesson notebook)[0m[0;34m[0m[0;34m[0m[0m
[0;32m---> 18[0;31m [0;32mimport[0m [0mhourofci[0m[0;34m[0m[0;34m[0m[0m
[0m[1;32m     19[0m [0;34m[0m[0m
[1;32m     20[0m [0;34m[0m[0m

[0;31mModuleNotFoundError[0m: No module named 'hourofci'
[0;31m---------------------------------------------------------------------------[0m
[0;31mModuleNotFoundError[0m                       Traceback (most recent call last)
[0;32m<ipython-input-1-96d219acdf57>[0m in [0;36m<module>[0;34m[0m
[0;32m----> 1[0;31m [0mget_ipython[0m[0;34m([0m[0;34m)[0m[0;34m.[0m[0mrun_line_magic[0m[0;34m([0m[0;34m'run'[0m[0;34m,[0m [0;34m'beginner-lessons/interdisciplinary-communication/ic-3.ipynb'[0m[0;34m)[0m[0;34m[0m[0;34m[0m[0m
[0m
[0;32m/opt/miniconda3/lib/python3.9/site-packages/IPython/core/interactiveshell.py[0m in [0;36mrun_line_magic[0;34m(self, magic_name, line, _stack_depth)[0m
[1;32m   2362[0m                 [0mkwargs[0m[0;34m[[0m[0;34m'local_ns'[0m[0;34m][0m [0;34m=[0m [0mself[0m[0;34m.[0m[0mget_local_scope[0m[0;34m([0m[0mstack_depth[0m[0;34m)[0m[0;34m[0m[0;34m[0m[0m
[1;32m   2363[0m             [0;32mwith[0m [0mself[0m[0;34m.[0m[0mbuiltin_trap[0m[0;34m:[0m[0;34m[0m[0;34m[0m[0m
[0;32m-> 2364[0;31m                 [0mresult[0m [0;34m=[0m [0mfn[0m[0;34m([0m[0;34m*[0m[0margs[0m[0;34m,[0m [0;34m**[0m[0mkwargs[0m[0;34m)[0m[0;34m[0m[0;34m[0m[0m
[0m[1;32m   2365[0m             [0;32mreturn[0m [0mresult[0m[0;34m[0m[0;34m[0m[0m
[1;32m   2366[0m [0;34m[0m[0m

[0;32m/opt/miniconda3/lib/python3.9/site-packages/decorator.py[0m in [0;36mfun[0;34m(*args, **kw)[0m
[1;32m    230[0m             [0;32mif[0m [0;32mnot[0m [0mkwsyntax[0m[0;34m:[0m[0;34m[0m[0;34m[0m[0m
[1;32m    231[0m                 [0margs[0m[0;34m,[0m [0mkw[0m [0;34m=[0m [0mfix[0m[0;34m([0m[0margs[0m[0;34m,[0m [0mkw[0m[0;34m,[0m [0msig[0m[0;34m)[0m[0;34m[0m[0;34m[0m[0m
[0;32m--> 232[0;31m             [0;32mreturn[0m [0mcaller[0m[0;34m([0m[0mfunc[0m[0;34m,[0m [0;34m*[0m[0;34m([0m[0mextras[0m [0;34m+[0m [0margs[0m[0;34m)[0m[0;34m,[0m [0;34m**[0m[0mkw[0m[0;34m)[0m[0;34m[0m[0;34m[0m[0m
[0m[1;32m    233[0m     [0mfun[0m[0;34m.[0m[0m__name__[0m [0;34m=[0m [0mfunc[0m[0;34m.[0m[0m__name__[0m[0;34m[0m[0;34m[0m[0m
[1;32m    234[0m     [0mfun[0m[0;34m.[0m[0m__doc__[0m [0;34m=[0m [0mfunc[0m[0;34m.[0m[0m__doc__[0m[0;34m[0m[0;34m[0m[0m

[0;32m/opt/miniconda3/lib/python3.9/site-packages/IPython/core/magic.py[0m in [0;36m<lambda>[0;34m(f, *a, **k)[0m
[1;32m    185[0m     [0;31m# but it's overkill for just that one bit of state.[0m[0;34m[0m[0;34m[0m[0;34m[0m[0m
[1;32m    186[0m     [0;32mdef[0m [0mmagic_deco[0m[0;34m([0m[0marg[0m[0;34m)[0m[0;34m:[0m[0;34m[0m[0;34m[0m[0m
[0;32m--> 187[0;31m         [0mcall[0m [0;34m=[0m [0;32mlambda[0m [0mf[0m[0;34m,[0m [0;34m*[0m[0ma[0m[0;34m,[0m [0;34m**[0m[0mk[0m[0;34m:[0m [0mf[0m[0;34m([0m[0;34m*[0m[0ma[0m[0;34m,[0m [0;34m**[0m[0mk[0m[0;34m)[0m[0;34m[0m[0;34m[0m[0m
[0m[1;32m    188[0m [0;34m[0m[0m
[1;32m    189[0m         [0;32mif[0m [0mcallable[0m[0;34m([0m[0marg[0m[0;34m)[0m[0;34m:[0m[0;34m[0m[0;34m[0m[0m

[0;32m/opt/miniconda3/lib/python3.9/site-packages/IPython/core/magics/execution.py[0m in [0;36mrun[0;34m(self, parameter_s, runner, file_finder)[0m
[1;32m    733[0m             [0;32mwith[0m [0mpreserve_keys[0m[0;34m([0m[0mself[0m[0;34m.[0m[0mshell[0m[0;34m.[0m[0muser_ns[0m[0;34m,[0m [0;34m'__file__'[0m[0;34m)[0m[0;34m:[0m[0;34m[0m[0;34m[0m[0m
[1;32m    734[0m                 [0mself[0m[0;34m.[0m[0mshell[0m[0;34m.[0m[0muser_ns[0m[0;34m[[0m[0;34m'__file__'[0m[0;34m][0m [0;34m=[0m [0mfilename[0m[0;34m[0m[0;34m[0m[0m
[0;32m--> 735[0;31m                 [0mself[0m[0;34m.[0m[0mshell[0m[0;34m.[0m[0msafe_execfile_ipy[0m[0;34m([0m[0mfilename[0m[0;34m,[0m [0mraise_exceptions[0m[0;34m=[0m[0;32mTrue[0m[0;34m)[0m[0;34m[0m[0;34m[0m[0m
[0m[1;32m    736[0m             [0;32mreturn[0m[0;34m[0m[0;34m[0m[0m
[1;32m    737[0m [0;34m[0m[0m

[0;32m/opt/miniconda3/lib/python3.9/site-packages/IPython/core/interactiveshell.py[0m in [0;36msafe_execfile_ipy[0;34m(self, fname, shell_futures, raise_exceptions)[0m
[1;32m   2849[0m                     [0mresult[0m [0;34m=[0m [0mself[0m[0;34m.[0m[0mrun_cell[0m[0;34m([0m[0mcell[0m[0;34m,[0m [0msilent[0m[0;34m=[0m[0;32mTrue[0m[0;34m,[0m [0mshell_futures[0m[0;34m=[0m[0mshell_futures[0m[0;34m)[0m[0;34m[0m[0;34m[0m[0m
[1;32m   2850[0m                     [0;32mif[0m [0mraise_exceptions[0m[0;34m:[0m[0;34m[0m[0;34m[0m[0m
[0;32m-> 2851[0;31m                         [0mresult[0m[0;34m.[0m[0mraise_error[0m[0;34m([0m[0;34m)[0m[0;34m[0m[0;34m[0m[0m
[0m[1;32m   2852[0m                     [0;32melif[0m [0;32mnot[0m [0mresult[0m[0;34m.[0m[0msuccess[0m[0;34m:[0m[0;34m[0m[0;34m[0m[0m
[1;32m   2853[0m                         [0;32mbreak[0m[0;34m[0m[0;34m[0m[0m

[0;32m/opt/miniconda3/lib/python3.9/site-packages/IPython/core/interactiveshell.py[0m in [0;36mraise_error[0;34m(self)[0m
[1;32m    330[0m             [0;32mraise[0m [0mself[0m[0;34m.[0m[0merror_before_exec[0m[0;34m[0m[0;34m[0m[0m
[1;32m    331[0m         [0;32mif[0m [0mself[0m[0;34m.[0m[0merror_in_exec[0m [0;32mis[0m [0;32mnot[0m [0;32mNone[0m[0;34m:[0m[0;34m[0m[0;34m[0m[0m
[0;32m--> 332[0;31m             [0;32mraise[0m [0mself[0m[0;34m.[0m[0merror_in_exec[0m[0;34m[0m[0;34m[0m[0m
[0m[1;32m    333[0m [0;34m[0m[0m
[1;32m    334[0m     [0;32mdef[0m [0m__repr__[0m[0;34m([0m[0mself[0m[0;34m)[0m[0;34m:[0m[0;34m[0m[0;34m[0m[0m

    [0;31m[... skipping hidden 1 frame][0m

[0;32m<ipython-input-1-fc56a648d762>[0m in [0;36m<module>[0;34m[0m
[1;32m     16[0m [0;32mimport[0m [0msys[0m[0;34m[0m[0;34m[0m[0m
[1;32m     17[0m [0msys[0m[0;34m.[0m[0mpath[0m[0;34m.[0m[0mappend[0m[0;34m([0m[0;34m'../../supplementary'[0m[0;34m)[0m [0;31m# relative path (may change depending on the location of the lesson notebook)[0m[0;34m[0m[0;34m[0m[0m
[0;32m---> 18[0;31m [0;32mimport[0m [0mhourofci[0m[0;34m[0m[0;34m[0m[0m
[0m[1;32m     19[0m [0;34m[0m[0m
[1;32m     20[0m [0;34m[0m[0m

[0;31mModuleNotFoundError[0m: No module named 'hourofci'
Notebook already signed: beginner-lessons/interdisciplinary-communication/ic-4.ipynb
Notebook already signed: beginner-lessons/interdisciplinary-communication/ic-5.ipynb
Notebook already signed: beginner-lessons/interdisciplinary-communication/ic-exploration.ipynb
Notebook already signed: beginner-lessons/geospatial-data/gd-1.ipynb
Notebook already signed: beginner-lessons/geospatial-data/gd-2.ipynb
Notebook already signed: beginner-lessons/geospatial-data/gd-3.ipynb
Notebook already signed: beginner-lessons/geospatial-data/gd-4.ipynb
Notebook already signed: beginner-lessons/geospatial-data/gd-5.ipynb
Notebook already signed: beginner-lessons/geospatial-data/gd-6.ipynb
Notebook already signed: beginner-lessons/geospatial-data/gd-example_1.ipynb
Notebook already signed: beginner-lessons/geospatial-data/gd-example_2.ipynb
Notebook already signed: beginner-lessons/cyberinfrastructure/cyberinfrastructure-1.ipynb
Notebook already signed: beginner-lessons/cyberinfrastructure/cyberinfrastructure-2.ipynb
Notebook already signed: beginner-lessons/cyberinfrastructure/cyberinfrastructure-3.ipynb
Notebook already signed: beginner-lessons/cyberinfrastructure/cyberinfrastructure-4.ipynb
Notebook already signed: beginner-lessons/cyberinfrastructure/cyberinfrastructure-5.ipynb
Notebook already signed: beginner-lessons/cyberinfrastructure/cyberinfrastructure-exploration.ipynb
Notebook already signed: gateway-lesson/gateway/gateway-1.ipynb
Notebook already signed: gateway-lesson/gateway/gateway-2.ipynb
Notebook already signed: gateway-lesson/gateway/gateway-3.ipynb
Notebook already signed: gateway-lesson/gateway/gateway-4.ipynb
Notebook already signed: gateway-lesson/gateway/gateway-5.ipynb
Notebook already signed: gateway-lesson/gateway/gateway-6.ipynb
Notebook already signed: gateway-lesson/gateway/gateway-exploration.ipynb
Notebook already signed: beginner-lessons/interdisciplinary-communication/ic-1.ipynb
Notebook already signed: beginner-lessons/interdisciplinary-communication/ic-2.ipynb
Notebook already signed: beginner-lessons/interdisciplinary-communication/ic-3.ipynb
[22;0t]0;IPython: lessons/lessons[0;31m---------------------------------------------------------------------------[0m
[0;31mModuleNotFoundError[0m                       Traceback (most recent call last)
[0;32m~/Desktop/ggg/lessons/lessons/beginner-lessons/interdisciplinary-communication/ic-3.ipynb[0m in [0;36m<module>[0;34m[0m
[1;32m     16[0m [0;32mimport[0m [0msys[0m[0;34m[0m[0;34m[0m[0m
[1;32m     17[0m [0msys[0m[0;34m.[0m[0mpath[0m[0;34m.[0m[0mappend[0m[0;34m([0m[0;34m'../../supplementary'[0m[0;34m)[0m [0;31m# relative path (may change depending on the location of the lesson notebook)[0m[0;34m[0m[0;34m[0m[0m
[0;32m---> 18[0;31m [0;32mimport[0m [0mhourofci[0m[0;34m[0m[0;34m[0m[0m
[0m[1;32m     19[0m [0;34m[0m[0m
[1;32m     20[0m [0;34m[0m[0m

[0;31mModuleNotFoundError[0m: No module named 'hourofci'
[0;31m---------------------------------------------------------------------------[0m
[0;31mModuleNotFoundError[0m                       Traceback (most recent call last)
[0;32m<ipython-input-1-96d219acdf57>[0m in [0;36m<module>[0;34m[0m
[0;32m----> 1[0;31m [0mget_ipython[0m[0;34m([0m[0;34m)[0m[0;34m.[0m[0mrun_line_magic[0m[0;34m([0m[0;34m'run'[0m[0;34m,[0m [0;34m'beginner-lessons/interdisciplinary-communication/ic-3.ipynb'[0m[0;34m)[0m[0;34m[0m[0;34m[0m[0m
[0m
[0;32m/opt/miniconda3/lib/python3.9/site-packages/IPython/core/interactiveshell.py[0m in [0;36mrun_line_magic[0;34m(self, magic_name, line, _stack_depth)[0m
[1;32m   2362[0m                 [0mkwargs[0m[0;34m[[0m[0;34m'local_ns'[0m[0;34m][0m [0;34m=[0m [0mself[0m[0;34m.[0m[0mget_local_scope[0m[0;34m([0m[0mstack_depth[0m[0;34m)[0m[0;34m[0m[0;34m[0m[0m
[1;32m   2363[0m             [0;32mwith[0m [0mself[0m[0;34m.[0m[0mbuiltin_trap[0m[0;34m:[0m[0;34m[0m[0;34m[0m[0m
[0;32m-> 2364[0;31m                 [0mresult[0m [0;34m=[0m [0mfn[0m[0;34m([0m[0;34m*[0m[0margs[0m[0;34m,[0m [0;34m**[0m[0mkwargs[0m[0;34m)[0m[0;34m[0m[0;34m[0m[0m
[0m[1;32m   2365[0m             [0;32mreturn[0m [0mresult[0m[0;34m[0m[0;34m[0m[0m
[1;32m   2366[0m [0;34m[0m[0m

[0;32m/opt/miniconda3/lib/python3.9/site-packages/decorator.py[0m in [0;36mfun[0;34m(*args, **kw)[0m
[1;32m    230[0m             [0;32mif[0m [0;32mnot[0m [0mkwsyntax[0m[0;34m:[0m[0;34m[0m[0;34m[0m[0m
[1;32m    231[0m                 [0margs[0m[0;34m,[0m [0mkw[0m [0;34m=[0m [0mfix[0m[0;34m([0m[0margs[0m[0;34m,[0m [0mkw[0m[0;34m,[0m [0msig[0m[0;34m)[0m[0;34m[0m[0;34m[0m[0m
[0;32m--> 232[0;31m             [0;32mreturn[0m [0mcaller[0m[0;34m([0m[0mfunc[0m[0;34m,[0m [0;34m*[0m[0;34m([0m[0mextras[0m [0;34m+[0m [0margs[0m[0;34m)[0m[0;34m,[0m [0;34m**[0m[0mkw[0m[0;34m)[0m[0;34m[0m[0;34m[0m[0m
[0m[1;32m    233[0m     [0mfun[0m[0;34m.[0m[0m__name__[0m [0;34m=[0m [0mfunc[0m[0;34m.[0m[0m__name__[0m[0;34m[0m[0;34m[0m[0m
[1;32m    234[0m     [0mfun[0m[0;34m.[0m[0m__doc__[0m [0;34m=[0m [0mfunc[0m[0;34m.[0m[0m__doc__[0m[0;34m[0m[0;34m[0m[0m

[0;32m/opt/miniconda3/lib/python3.9/site-packages/IPython/core/magic.py[0m in [0;36m<lambda>[0;34m(f, *a, **k)[0m
[1;32m    185[0m     [0;31m# but it's overkill for just that one bit of state.[0m[0;34m[0m[0;34m[0m[0;34m[0m[0m
[1;32m    186[0m     [0;32mdef[0m [0mmagic_deco[0m[0;34m([0m[0marg[0m[0;34m)[0m[0;34m:[0m[0;34m[0m[0;34m[0m[0m
[0;32m--> 187[0;31m         [0mcall[0m [0;34m=[0m [0;32mlambda[0m [0mf[0m[0;34m,[0m [0;34m*[0m[0ma[0m[0;34m,[0m [0;34m**[0m[0mk[0m[0;34m:[0m [0mf[0m[0;34m([0m[0;34m*[0m[0ma[0m[0;34m,[0m [0;34m**[0m[0mk[0m[0;34m)[0m[0;34m[0m[0;34m[0m[0m
[0m[1;32m    188[0m [0;34m[0m[0m
[1;32m    189[0m         [0;32mif[0m [0mcallable[0m[0;34m([0m[0marg[0m[0;34m)[0m[0;34m:[0m[0;34m[0m[0;34m[0m[0m

[0;32m/opt/miniconda3/lib/python3.9/site-packages/IPython/core/magics/execution.py[0m in [0;36mrun[0;34m(self, parameter_s, runner, file_finder)[0m
[1;32m    733[0m             [0;32mwith[0m [0mpreserve_keys[0m[0;34m([0m[0mself[0m[0;34m.[0m[0mshell[0m[0;34m.[0m[0muser_ns[0m[0;34m,[0m [0;34m'__file__'[0m[0;34m)[0m[0;34m:[0m[0;34m[0m[0;34m[0m[0m
[1;32m    734[0m                 [0mself[0m[0;34m.[0m[0mshell[0m[0;34m.[0m[0muser_ns[0m[0;34m[[0m[0;34m'__file__'[0m[0;34m][0m [0;34m=[0m [0mfilename[0m[0;34m[0m[0;34m[0m[0m
[0;32m--> 735[0;31m                 [0mself[0m[0;34m.[0m[0mshell[0m[0;34m.[0m[0msafe_execfile_ipy[0m[0;34m([0m[0mfilename[0m[0;34m,[0m [0mraise_exceptions[0m[0;34m=[0m[0;32mTrue[0m[0;34m)[0m[0;34m[0m[0;34m[0m[0m
[0m[1;32m    736[0m             [0;32mreturn[0m[0;34m[0m[0;34m[0m[0m
[1;32m    737[0m [0;34m[0m[0m

[0;32m/opt/miniconda3/lib/python3.9/site-packages/IPython/core/interactiveshell.py[0m in [0;36msafe_execfile_ipy[0;34m(self, fname, shell_futures, raise_exceptions)[0m
[1;32m   2849[0m                     [0mresult[0m [0;34m=[0m [0mself[0m[0;34m.[0m[0mrun_cell[0m[0;34m([0m[0mcell[0m[0;34m,[0m [0msilent[0m[0;34m=[0m[0;32mTrue[0m[0;34m,[0m [0mshell_futures[0m[0;34m=[0m[0mshell_futures[0m[0;34m)[0m[0;34m[0m[0;34m[0m[0m
[1;32m   2850[0m                     [0;32mif[0m [0mraise_exceptions[0m[0;34m:[0m[0;34m[0m[0;34m[0m[0m
[0;32m-> 2851[0;31m                         [0mresult[0m[0;34m.[0m[0mraise_error[0m[0;34m([0m[0;34m)[0m[0;34m[0m[0;34m[0m[0m
[0m[1;32m   2852[0m                     [0;32melif[0m [0;32mnot[0m [0mresult[0m[0;34m.[0m[0msuccess[0m[0;34m:[0m[0;34m[0m[0;34m[0m[0m
[1;32m   2853[0m                         [0;32mbreak[0m[0;34m[0m[0;34m[0m[0m

[0;32m/opt/miniconda3/lib/python3.9/site-packages/IPython/core/interactiveshell.py[0m in [0;36mraise_error[0;34m(self)[0m
[1;32m    330[0m             [0;32mraise[0m [0mself[0m[0;34m.[0m[0merror_before_exec[0m[0;34m[0m[0;34m[0m[0m
[1;32m    331[0m         [0;32mif[0m [0mself[0m[0;34m.[0m[0merror_in_exec[0m [0;32mis[0m [0;32mnot[0m [0;32mNone[0m[0;34m:[0m[0;34m[0m[0;34m[0m[0m
[0;32m--> 332[0;31m             [0;32mraise[0m [0mself[0m[0;34m.[0m[0merror_in_exec[0m[0;34m[0m[0;34m[0m[0m
[0m[1;32m    333[0m [0;34m[0m[0m
[1;32m    334[0m     [0;32mdef[0m [0m__repr__[0m[0;34m([0m[0mself[0m[0;34m)[0m[0;34m:[0m[0;34m[0m[0;34m[0m[0m

    [0;31m[... skipping hidden 1 frame][0m

[0;32m<ipython-input-1-fc56a648d762>[0m in [0;36m<module>[0;34m[0m
[1;32m     16[0m [0;32mimport[0m [0msys[0m[0;34m[0m[0;34m[0m[0m
[1;32m     17[0m [0msys[0m[0;34m.[0m[0mpath[0m[0;34m.[0m[0mappend[0m[0;34m([0m[0;34m'../../supplementary'[0m[0;34m)[0m [0;31m# relative path (may change depending on the location of the lesson notebook)[0m[0;34m[0m[0;34m[0m[0m
[0;32m---> 18[0;31m [0;32mimport[0m [0mhourofci[0m[0;34m[0m[0;34m[0m[0m
[0m[1;32m     19[0m [0;34m[0m[0m
[1;32m     20[0m [0;34m[0m[0m

[0;31mModuleNotFoundError[0m: No module named 'hourofci'
Notebook already signed: beginner-lessons/interdisciplinary-communication/ic-4.ipynb
Notebook already signed: beginner-lessons/interdisciplinary-communication/ic-5.ipynb
Notebook already signed: beginner-lessons/interdisciplinary-communication/ic-exploration.ipynb
Notebook already signed: beginner-lessons/geospatial-data/gd-1.ipynb
Notebook already signed: beginner-lessons/geospatial-data/gd-2.ipynb
Notebook already signed: beginner-lessons/geospatial-data/gd-3.ipynb
Notebook already signed: beginner-lessons/geospatial-data/gd-4.ipynb
Notebook already signed: beginner-lessons/geospatial-data/gd-5.ipynb
Notebook already signed: beginner-lessons/geospatial-data/gd-6.ipynb
Notebook already signed: beginner-lessons/geospatial-data/gd-example_1.ipynb
Notebook already signed: beginner-lessons/geospatial-data/gd-example_2.ipynb
Notebook already signed: beginner-lessons/cyberinfrastructure/cyberinfrastructure-1.ipynb
Notebook already signed: beginner-lessons/cyberinfrastructure/cyberinfrastructure-2.ipynb
Notebook already signed: beginner-lessons/cyberinfrastructure/cyberinfrastructure-3.ipynb
Notebook already signed: beginner-lessons/cyberinfrastructure/cyberinfrastructure-4.ipynb
Notebook already signed: beginner-lessons/cyberinfrastructure/cyberinfrastructure-5.ipynb
Notebook already signed: beginner-lessons/cyberinfrastructure/cyberinfrastructure-exploration.ipynb
Notebook already signed: gateway-lesson/gateway/gateway-1.ipynb
Notebook already signed: gateway-lesson/gateway/gateway-2.ipynb
Notebook already signed: gateway-lesson/gateway/gateway-3.ipynb
Notebook already signed: gateway-lesson/gateway/gateway-4.ipynb
Notebook already signed: gateway-lesson/gateway/gateway-5.ipynb
Notebook already signed: gateway-lesson/gateway/gateway-6.ipynb
Notebook already signed: gateway-lesson/gateway/gateway-exploration.ipynb
Notebook already signed: beginner-lessons/interdisciplinary-communication/ic-1.ipynb
Notebook already signed: beginner-lessons/interdisciplinary-communication/ic-2.ipynb
Notebook already signed: beginner-lessons/interdisciplinary-communication/ic-3.ipynb
[22;0t]0;IPython: lessons/lessons[0;31m---------------------------------------------------------------------------[0m
[0;31mModuleNotFoundError[0m                       Traceback (most recent call last)
[0;32m~/Desktop/ggg/lessons/lessons/beginner-lessons/interdisciplinary-communication/ic-3.ipynb[0m in [0;36m<module>[0;34m[0m
[1;32m     16[0m [0;32mimport[0m [0msys[0m[0;34m[0m[0;34m[0m[0m
[1;32m     17[0m [0msys[0m[0;34m.[0m[0mpath[0m[0;34m.[0m[0mappend[0m[0;34m([0m[0;34m'../../supplementary'[0m[0;34m)[0m [0;31m# relative path (may change depending on the location of the lesson notebook)[0m[0;34m[0m[0;34m[0m[0m
[0;32m---> 18[0;31m [0;32mimport[0m [0mhourofci[0m[0;34m[0m[0;34m[0m[0m
[0m[1;32m     19[0m [0;34m[0m[0m
[1;32m     20[0m [0;34m[0m[0m

[0;31mModuleNotFoundError[0m: No module named 'hourofci'
[0;31m---------------------------------------------------------------------------[0m
[0;31mModuleNotFoundError[0m                       Traceback (most recent call last)
[0;32m<ipython-input-1-96d219acdf57>[0m in [0;36m<module>[0;34m[0m
[0;32m----> 1[0;31m [0mget_ipython[0m[0;34m([0m[0;34m)[0m[0;34m.[0m[0mrun_line_magic[0m[0;34m([0m[0;34m'run'[0m[0;34m,[0m [0;34m'beginner-lessons/interdisciplinary-communication/ic-3.ipynb'[0m[0;34m)[0m[0;34m[0m[0;34m[0m[0m
[0m
[0;32m/opt/miniconda3/lib/python3.9/site-packages/IPython/core/interactiveshell.py[0m in [0;36mrun_line_magic[0;34m(self, magic_name, line, _stack_depth)[0m
[1;32m   2362[0m                 [0mkwargs[0m[0;34m[[0m[0;34m'local_ns'[0m[0;34m][0m [0;34m=[0m [0mself[0m[0;34m.[0m[0mget_local_scope[0m[0;34m([0m[0mstack_depth[0m[0;34m)[0m[0;34m[0m[0;34m[0m[0m
[1;32m   2363[0m             [0;32mwith[0m [0mself[0m[0;34m.[0m[0mbuiltin_trap[0m[0;34m:[0m[0;34m[0m[0;34m[0m[0m
[0;32m-> 2364[0;31m                 [0mresult[0m [0;34m=[0m [0mfn[0m[0;34m([0m[0;34m*[0m[0margs[0m[0;34m,[0m [0;34m**[0m[0mkwargs[0m[0;34m)[0m[0;34m[0m[0;34m[0m[0m
[0m[1;32m   2365[0m             [0;32mreturn[0m [0mresult[0m[0;34m[0m[0;34m[0m[0m
[1;32m   2366[0m [0;34m[0m[0m

[0;32m/opt/miniconda3/lib/python3.9/site-packages/decorator.py[0m in [0;36mfun[0;34m(*args, **kw)[0m
[1;32m    230[0m             [0;32mif[0m [0;32mnot[0m [0mkwsyntax[0m[0;34m:[0m[0;34m[0m[0;34m[0m[0m
[1;32m    231[0m                 [0margs[0m[0;34m,[0m [0mkw[0m [0;34m=[0m [0mfix[0m[0;34m([0m[0margs[0m[0;34m,[0m [0mkw[0m[0;34m,[0m [0msig[0m[0;34m)[0m[0;34m[0m[0;34m[0m[0m
[0;32m--> 232[0;31m             [0;32mreturn[0m [0mcaller[0m[0;34m([0m[0mfunc[0m[0;34m,[0m [0;34m*[0m[0;34m([0m[0mextras[0m [0;34m+[0m [0margs[0m[0;34m)[0m[0;34m,[0m [0;34m**[0m[0mkw[0m[0;34m)[0m[0;34m[0m[0;34m[0m[0m
[0m[1;32m    233[0m     [0mfun[0m[0;34m.[0m[0m__name__[0m [0;34m=[0m [0mfunc[0m[0;34m.[0m[0m__name__[0m[0;34m[0m[0;34m[0m[0m
[1;32m    234[0m     [0mfun[0m[0;34m.[0m[0m__doc__[0m [0;34m=[0m [0mfunc[0m[0;34m.[0m[0m__doc__[0m[0;34m[0m[0;34m[0m[0m

[0;32m/opt/miniconda3/lib/python3.9/site-packages/IPython/core/magic.py[0m in [0;36m<lambda>[0;34m(f, *a, **k)[0m
[1;32m    185[0m     [0;31m# but it's overkill for just that one bit of state.[0m[0;34m[0m[0;34m[0m[0;34m[0m[0m
[1;32m    186[0m     [0;32mdef[0m [0mmagic_deco[0m[0;34m([0m[0marg[0m[0;34m)[0m[0;34m:[0m[0;34m[0m[0;34m[0m[0m
[0;32m--> 187[0;31m         [0mcall[0m [0;34m=[0m [0;32mlambda[0m [0mf[0m[0;34m,[0m [0;34m*[0m[0ma[0m[0;34m,[0m [0;34m**[0m[0mk[0m[0;34m:[0m [0mf[0m[0;34m([0m[0;34m*[0m[0ma[0m[0;34m,[0m [0;34m**[0m[0mk[0m[0;34m)[0m[0;34m[0m[0;34m[0m[0m
[0m[1;32m    188[0m [0;34m[0m[0m
[1;32m    189[0m         [0;32mif[0m [0mcallable[0m[0;34m([0m[0marg[0m[0;34m)[0m[0;34m:[0m[0;34m[0m[0;34m[0m[0m

[0;32m/opt/miniconda3/lib/python3.9/site-packages/IPython/core/magics/execution.py[0m in [0;36mrun[0;34m(self, parameter_s, runner, file_finder)[0m
[1;32m    733[0m             [0;32mwith[0m [0mpreserve_keys[0m[0;34m([0m[0mself[0m[0;34m.[0m[0mshell[0m[0;34m.[0m[0muser_ns[0m[0;34m,[0m [0;34m'__file__'[0m[0;34m)[0m[0;34m:[0m[0;34m[0m[0;34m[0m[0m
[1;32m    734[0m                 [0mself[0m[0;34m.[0m[0mshell[0m[0;34m.[0m[0muser_ns[0m[0;34m[[0m[0;34m'__file__'[0m[0;34m][0m [0;34m=[0m [0mfilename[0m[0;34m[0m[0;34m[0m[0m
[0;32m--> 735[0;31m                 [0mself[0m[0;34m.[0m[0mshell[0m[0;34m.[0m[0msafe_execfile_ipy[0m[0;34m([0m[0mfilename[0m[0;34m,[0m [0mraise_exceptions[0m[0;34m=[0m[0;32mTrue[0m[0;34m)[0m[0;34m[0m[0;34m[0m[0m
[0m[1;32m    736[0m             [0;32mreturn[0m[0;34m[0m[0;34m[0m[0m
[1;32m    737[0m [0;34m[0m[0m

[0;32m/opt/miniconda3/lib/python3.9/site-packages/IPython/core/interactiveshell.py[0m in [0;36msafe_execfile_ipy[0;34m(self, fname, shell_futures, raise_exceptions)[0m
[1;32m   2849[0m                     [0mresult[0m [0;34m=[0m [0mself[0m[0;34m.[0m[0mrun_cell[0m[0;34m([0m[0mcell[0m[0;34m,[0m [0msilent[0m[0;34m=[0m[0;32mTrue[0m[0;34m,[0m [0mshell_futures[0m[0;34m=[0m[0mshell_futures[0m[0;34m)[0m[0;34m[0m[0;34m[0m[0m
[1;32m   2850[0m                     [0;32mif[0m [0mraise_exceptions[0m[0;34m:[0m[0;34m[0m[0;34m[0m[0m
[0;32m-> 2851[0;31m                         [0mresult[0m[0;34m.[0m[0mraise_error[0m[0;34m([0m[0;34m)[0m[0;34m[0m[0;34m[0m[0m
[0m[1;32m   2852[0m                     [0;32melif[0m [0;32mnot[0m [0mresult[0m[0;34m.[0m[0msuccess[0m[0;34m:[0m[0;34m[0m[0;34m[0m[0m
[1;32m   2853[0m                         [0;32mbreak[0m[0;34m[0m[0;34m[0m[0m

[0;32m/opt/miniconda3/lib/python3.9/site-packages/IPython/core/interactiveshell.py[0m in [0;36mraise_error[0;34m(self)[0m
[1;32m    330[0m             [0;32mraise[0m [0mself[0m[0;34m.[0m[0merror_before_exec[0m[0;34m[0m[0;34m[0m[0m
[1;32m    331[0m         [0;32mif[0m [0mself[0m[0;34m.[0m[0merror_in_exec[0m [0;32mis[0m [0;32mnot[0m [0;32mNone[0m[0;34m:[0m[0;34m[0m[0;34m[0m[0m
[0;32m--> 332[0;31m             [0;32mraise[0m [0mself[0m[0;34m.[0m[0merror_in_exec[0m[0;34m[0m[0;34m[0m[0m
[0m[1;32m    333[0m [0;34m[0m[0m
[1;32m    334[0m     [0;32mdef[0m [0m__repr__[0m[0;34m([0m[0mself[0m[0;34m)[0m[0;34m:[0m[0;34m[0m[0;34m[0m[0m

    [0;31m[... skipping hidden 1 frame][0m

[0;32m<ipython-input-1-fc56a648d762>[0m in [0;36m<module>[0;34m[0m
[1;32m     16[0m [0;32mimport[0m [0msys[0m[0;34m[0m[0;34m[0m[0m
[1;32m     17[0m [0msys[0m[0;34m.[0m[0mpath[0m[0;34m.[0m[0mappend[0m[0;34m([0m[0;34m'../../supplementary'[0m[0;34m)[0m [0;31m# relative path (may change depending on the location of the lesson notebook)[0m[0;34m[0m[0;34m[0m[0m
[0;32m---> 18[0;31m [0;32mimport[0m [0mhourofci[0m[0;34m[0m[0;34m[0m[0m
[0m[1;32m     19[0m [0;34m[0m[0m
[1;32m     20[0m [0;34m[0m[0m

[0;31mModuleNotFoundError[0m: No module named 'hourofci'
Notebook already signed: beginner-lessons/interdisciplinary-communication/ic-4.ipynb
Notebook already signed: beginner-lessons/interdisciplinary-communication/ic-5.ipynb
Notebook already signed: beginner-lessons/interdisciplinary-communication/ic-exploration.ipynb
Notebook already signed: beginner-lessons/geospatial-data/gd-1.ipynb
Notebook already signed: beginner-lessons/geospatial-data/gd-2.ipynb
Notebook already signed: beginner-lessons/geospatial-data/gd-3.ipynb
Notebook already signed: beginner-lessons/geospatial-data/gd-4.ipynb
Notebook already signed: beginner-lessons/geospatial-data/gd-5.ipynb
Notebook already signed: beginner-lessons/geospatial-data/gd-6.ipynb
Notebook already signed: beginner-lessons/geospatial-data/gd-example_1.ipynb
Notebook already signed: beginner-lessons/geospatial-data/gd-example_2.ipynb
Notebook already signed: beginner-lessons/cyberinfrastructure/cyberinfrastructure-1.ipynb
Notebook already signed: beginner-lessons/cyberinfrastructure/cyberinfrastructure-2.ipynb
Notebook already signed: beginner-lessons/cyberinfrastructure/cyberinfrastructure-3.ipynb
Notebook already signed: beginner-lessons/cyberinfrastructure/cyberinfrastructure-4.ipynb
Notebook already signed: beginner-lessons/cyberinfrastructure/cyberinfrastructure-5.ipynb
Notebook already signed: beginner-lessons/cyberinfrastructure/cyberinfrastructure-exploration.ipynb
Notebook already signed: gateway-lesson/gateway/gateway-1.ipynb
Notebook already signed: gateway-lesson/gateway/gateway-2.ipynb
Notebook already signed: gateway-lesson/gateway/gateway-3.ipynb
Notebook already signed: gateway-lesson/gateway/gateway-4.ipynb
Notebook already signed: gateway-lesson/gateway/gateway-5.ipynb
Notebook already signed: gateway-lesson/gateway/gateway-6.ipynb
Notebook already signed: gateway-lesson/gateway/gateway-exploration.ipynb
Notebook already signed: beginner-lessons/interdisciplinary-communication/ic-1.ipynb
Notebook already signed: beginner-lessons/interdisciplinary-communication/ic-2.ipynb
Notebook already signed: beginner-lessons/interdisciplinary-communication/ic-3.ipynb
[22;0t]0;IPython: lessons/lessons[0;31m---------------------------------------------------------------------------[0m
[0;31mModuleNotFoundError[0m                       Traceback (most recent call last)
[0;32m~/Desktop/ggg/lessons/lessons/beginner-lessons/interdisciplinary-communication/ic-3.ipynb[0m in [0;36m<module>[0;34m[0m
[1;32m     16[0m [0;32mimport[0m [0msys[0m[0;34m[0m[0;34m[0m[0m
[1;32m     17[0m [0msys[0m[0;34m.[0m[0mpath[0m[0;34m.[0m[0mappend[0m[0;34m([0m[0;34m'../../supplementary'[0m[0;34m)[0m [0;31m# relative path (may change depending on the location of the lesson notebook)[0m[0;34m[0m[0;34m[0m[0m
[0;32m---> 18[0;31m [0;32mimport[0m [0mhourofci[0m[0;34m[0m[0;34m[0m[0m
[0m[1;32m     19[0m [0;34m[0m[0m
[1;32m     20[0m [0;34m[0m[0m

[0;31mModuleNotFoundError[0m: No module named 'hourofci'
[0;31m---------------------------------------------------------------------------[0m
[0;31mModuleNotFoundError[0m                       Traceback (most recent call last)
[0;32m<ipython-input-1-96d219acdf57>[0m in [0;36m<module>[0;34m[0m
[0;32m----> 1[0;31m [0mget_ipython[0m[0;34m([0m[0;34m)[0m[0;34m.[0m[0mrun_line_magic[0m[0;34m([0m[0;34m'run'[0m[0;34m,[0m [0;34m'beginner-lessons/interdisciplinary-communication/ic-3.ipynb'[0m[0;34m)[0m[0;34m[0m[0;34m[0m[0m
[0m
[0;32m/opt/miniconda3/lib/python3.9/site-packages/IPython/core/interactiveshell.py[0m in [0;36mrun_line_magic[0;34m(self, magic_name, line, _stack_depth)[0m
[1;32m   2362[0m                 [0mkwargs[0m[0;34m[[0m[0;34m'local_ns'[0m[0;34m][0m [0;34m=[0m [0mself[0m[0;34m.[0m[0mget_local_scope[0m[0;34m([0m[0mstack_depth[0m[0;34m)[0m[0;34m[0m[0;34m[0m[0m
[1;32m   2363[0m             [0;32mwith[0m [0mself[0m[0;34m.[0m[0mbuiltin_trap[0m[0;34m:[0m[0;34m[0m[0;34m[0m[0m
[0;32m-> 2364[0;31m                 [0mresult[0m [0;34m=[0m [0mfn[0m[0;34m([0m[0;34m*[0m[0margs[0m[0;34m,[0m [0;34m**[0m[0mkwargs[0m[0;34m)[0m[0;34m[0m[0;34m[0m[0m
[0m[1;32m   2365[0m             [0;32mreturn[0m [0mresult[0m[0;34m[0m[0;34m[0m[0m
[1;32m   2366[0m [0;34m[0m[0m

[0;32m/opt/miniconda3/lib/python3.9/site-packages/decorator.py[0m in [0;36mfun[0;34m(*args, **kw)[0m
[1;32m    230[0m             [0;32mif[0m [0;32mnot[0m [0mkwsyntax[0m[0;34m:[0m[0;34m[0m[0;34m[0m[0m
[1;32m    231[0m                 [0margs[0m[0;34m,[0m [0mkw[0m [0;34m=[0m [0mfix[0m[0;34m([0m[0margs[0m[0;34m,[0m [0mkw[0m[0;34m,[0m [0msig[0m[0;34m)[0m[0;34m[0m[0;34m[0m[0m
[0;32m--> 232[0;31m             [0;32mreturn[0m [0mcaller[0m[0;34m([0m[0mfunc[0m[0;34m,[0m [0;34m*[0m[0;34m([0m[0mextras[0m [0;34m+[0m [0margs[0m[0;34m)[0m[0;34m,[0m [0;34m**[0m[0mkw[0m[0;34m)[0m[0;34m[0m[0;34m[0m[0m
[0m[1;32m    233[0m     [0mfun[0m[0;34m.[0m[0m__name__[0m [0;34m=[0m [0mfunc[0m[0;34m.[0m[0m__name__[0m[0;34m[0m[0;34m[0m[0m
[1;32m    234[0m     [0mfun[0m[0;34m.[0m[0m__doc__[0m [0;34m=[0m [0mfunc[0m[0;34m.[0m[0m__doc__[0m[0;34m[0m[0;34m[0m[0m

[0;32m/opt/miniconda3/lib/python3.9/site-packages/IPython/core/magic.py[0m in [0;36m<lambda>[0;34m(f, *a, **k)[0m
[1;32m    185[0m     [0;31m# but it's overkill for just that one bit of state.[0m[0;34m[0m[0;34m[0m[0;34m[0m[0m
[1;32m    186[0m     [0;32mdef[0m [0mmagic_deco[0m[0;34m([0m[0marg[0m[0;34m)[0m[0;34m:[0m[0;34m[0m[0;34m[0m[0m
[0;32m--> 187[0;31m         [0mcall[0m [0;34m=[0m [0;32mlambda[0m [0mf[0m[0;34m,[0m [0;34m*[0m[0ma[0m[0;34m,[0m [0;34m**[0m[0mk[0m[0;34m:[0m [0mf[0m[0;34m([0m[0;34m*[0m[0ma[0m[0;34m,[0m [0;34m**[0m[0mk[0m[0;34m)[0m[0;34m[0m[0;34m[0m[0m
[0m[1;32m    188[0m [0;34m[0m[0m
[1;32m    189[0m         [0;32mif[0m [0mcallable[0m[0;34m([0m[0marg[0m[0;34m)[0m[0;34m:[0m[0;34m[0m[0;34m[0m[0m

[0;32m/opt/miniconda3/lib/python3.9/site-packages/IPython/core/magics/execution.py[0m in [0;36mrun[0;34m(self, parameter_s, runner, file_finder)[0m
[1;32m    733[0m             [0;32mwith[0m [0mpreserve_keys[0m[0;34m([0m[0mself[0m[0;34m.[0m[0mshell[0m[0;34m.[0m[0muser_ns[0m[0;34m,[0m [0;34m'__file__'[0m[0;34m)[0m[0;34m:[0m[0;34m[0m[0;34m[0m[0m
[1;32m    734[0m                 [0mself[0m[0;34m.[0m[0mshell[0m[0;34m.[0m[0muser_ns[0m[0;34m[[0m[0;34m'__file__'[0m[0;34m][0m [0;34m=[0m [0mfilename[0m[0;34m[0m[0;34m[0m[0m
[0;32m--> 735[0;31m                 [0mself[0m[0;34m.[0m[0mshell[0m[0;34m.[0m[0msafe_execfile_ipy[0m[0;34m([0m[0mfilename[0m[0;34m,[0m [0mraise_exceptions[0m[0;34m=[0m[0;32mTrue[0m[0;34m)[0m[0;34m[0m[0;34m[0m[0m
[0m[1;32m    736[0m             [0;32mreturn[0m[0;34m[0m[0;34m[0m[0m
[1;32m    737[0m [0;34m[0m[0m

[0;32m/opt/miniconda3/lib/python3.9/site-packages/IPython/core/interactiveshell.py[0m in [0;36msafe_execfile_ipy[0;34m(self, fname, shell_futures, raise_exceptions)[0m
[1;32m   2849[0m                     [0mresult[0m [0;34m=[0m [0mself[0m[0;34m.[0m[0mrun_cell[0m[0;34m([0m[0mcell[0m[0;34m,[0m [0msilent[0m[0;34m=[0m[0;32mTrue[0m[0;34m,[0m [0mshell_futures[0m[0;34m=[0m[0mshell_futures[0m[0;34m)[0m[0;34m[0m[0;34m[0m[0m
[1;32m   2850[0m                     [0;32mif[0m [0mraise_exceptions[0m[0;34m:[0m[0;34m[0m[0;34m[0m[0m
[0;32m-> 2851[0;31m                         [0mresult[0m[0;34m.[0m[0mraise_error[0m[0;34m([0m[0;34m)[0m[0;34m[0m[0;34m[0m[0m
[0m[1;32m   2852[0m                     [0;32melif[0m [0;32mnot[0m [0mresult[0m[0;34m.[0m[0msuccess[0m[0;34m:[0m[0;34m[0m[0;34m[0m[0m
[1;32m   2853[0m                         [0;32mbreak[0m[0;34m[0m[0;34m[0m[0m

[0;32m/opt/miniconda3/lib/python3.9/site-packages/IPython/core/interactiveshell.py[0m in [0;36mraise_error[0;34m(self)[0m
[1;32m    330[0m             [0;32mraise[0m [0mself[0m[0;34m.[0m[0merror_before_exec[0m[0;34m[0m[0;34m[0m[0m
[1;32m    331[0m         [0;32mif[0m [0mself[0m[0;34m.[0m[0merror_in_exec[0m [0;32mis[0m [0;32mnot[0m [0;32mNone[0m[0;34m:[0m[0;34m[0m[0;34m[0m[0m
[0;32m--> 332[0;31m             [0;32mraise[0m [0mself[0m[0;34m.[0m[0merror_in_exec[0m[0;34m[0m[0;34m[0m[0m
[0m[1;32m    333[0m [0;34m[0m[0m
[1;32m    334[0m     [0;32mdef[0m [0m__repr__[0m[0;34m([0m[0mself[0m[0;34m)[0m[0;34m:[0m[0;34m[0m[0;34m[0m[0m

    [0;31m[... skipping hidden 1 frame][0m

[0;32m<ipython-input-1-fc56a648d762>[0m in [0;36m<module>[0;34m[0m
[1;32m     16[0m [0;32mimport[0m [0msys[0m[0;34m[0m[0;34m[0m[0m
[1;32m     17[0m [0msys[0m[0;34m.[0m[0mpath[0m[0;34m.[0m[0mappend[0m[0;34m([0m[0;34m'../../supplementary'[0m[0;34m)[0m [0;31m# relative path (may change depending on the location of the lesson notebook)[0m[0;34m[0m[0;34m[0m[0m
[0;32m---> 18[0;31m [0;32mimport[0m [0mhourofci[0m[0;34m[0m[0;34m[0m[0m
[0m[1;32m     19[0m [0;34m[0m[0m
[1;32m     20[0m [0;34m[0m[0m

[0;31mModuleNotFoundError[0m: No module named 'hourofci'
Notebook already signed: beginner-lessons/interdisciplinary-communication/ic-4.ipynb
Notebook already signed: beginner-lessons/interdisciplinary-communication/ic-5.ipynb
Notebook already signed: beginner-lessons/interdisciplinary-communication/ic-exploration.ipynb
Notebook already signed: beginner-lessons/geospatial-data/gd-1.ipynb
Notebook already signed: beginner-lessons/geospatial-data/gd-2.ipynb
Notebook already signed: beginner-lessons/geospatial-data/gd-3.ipynb
Notebook already signed: beginner-lessons/geospatial-data/gd-4.ipynb
Notebook already signed: beginner-lessons/geospatial-data/gd-5.ipynb
Notebook already signed: beginner-lessons/geospatial-data/gd-6.ipynb
Notebook already signed: beginner-lessons/geospatial-data/gd-example_1.ipynb
Notebook already signed: beginner-lessons/geospatial-data/gd-example_2.ipynb
Notebook already signed: beginner-lessons/cyberinfrastructure/cyberinfrastructure-1.ipynb
Notebook already signed: beginner-lessons/cyberinfrastructure/cyberinfrastructure-2.ipynb
Notebook already signed: beginner-lessons/cyberinfrastructure/cyberinfrastructure-3.ipynb
Notebook already signed: beginner-lessons/cyberinfrastructure/cyberinfrastructure-4.ipynb
Notebook already signed: beginner-lessons/cyberinfrastructure/cyberinfrastructure-5.ipynb
Notebook already signed: beginner-lessons/cyberinfrastructure/cyberinfrastructure-exploration.ipynb
